#-----------------------------------------------------------
# Vivado v2018.3 (64-bit)
# SW Build 2405991 on Thu Dec  6 23:38:27 MST 2018
# IP Build 2404404 on Fri Dec  7 01:43:56 MST 2018
# Start of session at: Thu Apr 23 09:49:24 2020
# Process ID: 1500
# Current directory: D:/Baylor Classes/Sem 4/Logic Lab/DL202010_Noll/Lab/Lab 9/Lab_9
# Command line: vivado.exe -gui_launcher_event rodinguilauncherevent11664 D:\Baylor Classes\Sem 4\Logic Lab\DL202010_Noll\Lab\Lab 9\Lab_9\Lab_9.xpr
# Log file: D:/Baylor Classes/Sem 4/Logic Lab/DL202010_Noll/Lab/Lab 9/Lab_9/vivado.log
# Journal file: D:/Baylor Classes/Sem 4/Logic Lab/DL202010_Noll/Lab/Lab 9/Lab_9\vivado.jou
#-----------------------------------------------------------
start_gui
open_project {D:/Baylor Classes/Sem 4/Logic Lab/DL202010_Noll/Lab/Lab 9/Lab_9/Lab_9.xpr}
Scanning sources...
Finished scanning sources
INFO: [IP_Flow 19-234] Refreshing IP repositories
INFO: [IP_Flow 19-1704] No user IP repositories specified
INFO: [IP_Flow 19-2313] Loaded Vivado IP repository 'C:/Vivado/Vivado/2018.3/data/ip'.
open_project: Time (s): cpu = 00:00:15 ; elapsed = 00:00:08 . Memory (MB): peak = 733.098 ; gain = 130.438
update_compile_order -fileset sources_1
exit
INFO: [Common 17-206] Exiting Vivado at Thu Apr 23 10:38:08 2020...
