This is pdfTeX, Version 3.14159265-2.6-1.40.20 (MiKTeX 2.9.7250 64-bit) (preloaded format=pdflatex 2020.2.2)  23 APR 2020 12:45
entering extended mode
**./Lab11_Report_Alexander_Noll.tex
(Lab11_Report_Alexander_Noll.tex
LaTeX2e <2019-10-01> patch level 3
("C:\Users\nolla\AppData\Local\Programs\MiKTeX 2.9\tex/latex/base\article.cls"
Document Class: article 2019/10/25 v1.4k Standard LaTeX document class
("C:\Users\nolla\AppData\Local\Programs\MiKTeX 2.9\tex/latex/base\size11.clo"
File: size11.clo 2019/10/25 v1.4k Standard LaTeX file (size option)
)
\c@part=\count80
\c@section=\count81
\c@subsection=\count82
\c@subsubsection=\count83
\c@paragraph=\count84
\c@subparagraph=\count85
\c@figure=\count86
\c@table=\count87
\abovecaptionskip=\skip41
\belowcaptionskip=\skip42
\bibindent=\dimen102
)
("C:\Users\nolla\AppData\Local\Programs\MiKTeX 2.9\tex/latex/geometry\geometry.
sty"
Package: geometry 2020/01/02 v5.9 Page Geometry

("C:\Users\nolla\AppData\Local\Programs\MiKTeX 2.9\tex/latex/graphics\keyval.st
y"
Package: keyval 2014/10/28 v1.15 key=value parser (DPC)
\KV@toks@=\toks14
)
("C:\Users\nolla\AppData\Local\Programs\MiKTeX 2.9\tex/generic/iftex\ifvtex.sty
"
Package: ifvtex 2019/10/25 v1.7 ifvtex legacy package. Use iftex instead.
 ("C:\Users\nolla\AppData\Local\Programs\MiKTeX 2.9\tex/generic/iftex\iftex.sty
"
Package: iftex 2019/11/07 v1.0c TeX engine tests
))
\Gm@cnth=\count88
\Gm@cntv=\count89
\c@Gm@tempcnt=\count90
\Gm@bindingoffset=\dimen103
\Gm@wd@mp=\dimen104
\Gm@odd@mp=\dimen105
\Gm@even@mp=\dimen106
\Gm@layoutwidth=\dimen107
\Gm@layoutheight=\dimen108
\Gm@layouthoffset=\dimen109
\Gm@layoutvoffset=\dimen110
\Gm@dimlist=\toks15

("C:\Users\nolla\AppData\Local\Programs\MiKTeX 2.9\tex/latex/geometry\geometry.
cfg"))
("C:\Users\nolla\AppData\Local\Programs\MiKTeX 2.9\tex/latex/booktabs\booktabs.
sty"
Package: booktabs 2020/01/12 v1.61803398 Publication quality tables
\heavyrulewidth=\dimen111
\lightrulewidth=\dimen112
\cmidrulewidth=\dimen113
\belowrulesep=\dimen114
\belowbottomsep=\dimen115
\aboverulesep=\dimen116
\abovetopsep=\dimen117
\cmidrulesep=\dimen118
\cmidrulekern=\dimen119
\defaultaddspace=\dimen120
\@cmidla=\count91
\@cmidlb=\count92
\@aboverulesep=\dimen121
\@belowrulesep=\dimen122
\@thisruleclass=\count93
\@lastruleclass=\count94
\@thisrulewidth=\dimen123
)
("C:\Users\nolla\AppData\Local\Programs\MiKTeX 2.9\tex/latex/graphics\graphicx.
sty"
Package: graphicx 2017/06/01 v1.1a Enhanced LaTeX Graphics (DPC,SPQR)

("C:\Users\nolla\AppData\Local\Programs\MiKTeX 2.9\tex/latex/graphics\graphics.
sty"
Package: graphics 2019/11/01 v1.3d Standard LaTeX Graphics (DPC,SPQR)

("C:\Users\nolla\AppData\Local\Programs\MiKTeX 2.9\tex/latex/graphics\trig.sty"
Package: trig 2016/01/03 v1.10 sin cos tan (DPC)
)
("C:\Users\nolla\AppData\Local\Programs\MiKTeX 2.9\tex/latex/graphics-cfg\graph
ics.cfg"
File: graphics.cfg 2016/06/04 v1.11 sample graphics configuration
)
Package graphics Info: Driver file: pdftex.def on input line 105.

("C:\Users\nolla\AppData\Local\Programs\MiKTeX 2.9\tex/latex/graphics-def\pdfte
x.def"
File: pdftex.def 2018/01/08 v1.0l Graphics/color driver for pdftex
))
\Gin@req@height=\dimen124
\Gin@req@width=\dimen125
)
("C:\Users\nolla\AppData\Local\Programs\MiKTeX 2.9\tex/latex/parskip\parskip.st
y"
Package: parskip 2020-01-22 v2.0d non-zero parskip adjustments

("C:\Users\nolla\AppData\Local\Programs\MiKTeX 2.9\tex/latex/oberdiek\kvoptions
.sty"
Package: kvoptions 2016/05/16 v3.12 Key value format for package options (HO)

("C:\Users\nolla\AppData\Local\Programs\MiKTeX 2.9\tex/generic/oberdiek\ltxcmds
.sty"
Package: ltxcmds 2016/05/16 v1.23 LaTeX kernel commands for general use (HO)
)
("C:\Users\nolla\AppData\Local\Programs\MiKTeX 2.9\tex/generic/oberdiek\kvsetke
ys.sty"
Package: kvsetkeys 2016/05/16 v1.17 Key value parser (HO)

("C:\Users\nolla\AppData\Local\Programs\MiKTeX 2.9\tex/generic/oberdiek\infware
rr.sty"
Package: infwarerr 2016/05/16 v1.4 Providing info/warning/error messages (HO)
)
("C:\Users\nolla\AppData\Local\Programs\MiKTeX 2.9\tex/generic/oberdiek\etexcmd
s.sty"
Package: etexcmds 2016/05/16 v1.6 Avoid name clashes with e-TeX commands (HO)

("C:\Users\nolla\AppData\Local\Programs\MiKTeX 2.9\tex/generic/iftex\ifluatex.s
ty"
Package: ifluatex 2019/10/25 v1.5 ifluatex legacy package. Use iftex instead.
))))
("C:\Users\nolla\AppData\Local\Programs\MiKTeX 2.9\tex/latex/etoolbox\etoolbox.
sty"
Package: etoolbox 2019/09/21 v2.5h e-TeX tools for LaTeX (JAW)
\etb@tempcnta=\count95
))
("C:\Users\nolla\AppData\Local\Programs\MiKTeX 2.9\tex/latex/titlesec\titlesec.
sty"
Package: titlesec 2019/10/16 v2.13 Sectioning titles
\ttl@box=\box27
\beforetitleunit=\skip43
\aftertitleunit=\skip44
\ttl@plus=\dimen126
\ttl@minus=\dimen127
\ttl@toksa=\toks16
\titlewidth=\dimen128
\titlewidthlast=\dimen129
\titlewidthfirst=\dimen130
)
("C:\Users\nolla\AppData\Local\Programs\MiKTeX 2.9\tex/latex/hyperref\hyperref.
sty"
Package: hyperref 2019/11/10 v7.00c Hypertext links for LaTeX

("C:\Users\nolla\AppData\Local\Programs\MiKTeX 2.9\tex/latex/pdftexcmds\pdftexc
mds.sty"
Package: pdftexcmds 2019/11/24 v0.31 Utility functions of pdfTeX for LuaTeX (HO
)
Package pdftexcmds Info: \pdf@primitive is available.
Package pdftexcmds Info: \pdf@ifprimitive is available.
Package pdftexcmds Info: \pdfdraftmode found.
)
("C:\Users\nolla\AppData\Local\Programs\MiKTeX 2.9\tex/generic/oberdiek\kvdefin
ekeys.sty"
Package: kvdefinekeys 2016/05/16 v1.4 Define keys (HO)
)
("C:\Users\nolla\AppData\Local\Programs\MiKTeX 2.9\tex/generic/oberdiek\pdfesca
pe.sty"
Package: pdfescape 2016/05/16 v1.14 Implements pdfTeX's escape features (HO)
)
("C:\Users\nolla\AppData\Local\Programs\MiKTeX 2.9\tex/latex/oberdiek\hycolor.s
ty"
Package: hycolor 2016/05/16 v1.8 Color options for hyperref/bookmark (HO)

("C:\Users\nolla\AppData\Local\Programs\MiKTeX 2.9\tex/latex/oberdiek\xcolor-pa
tch.sty"
Package: xcolor-patch 2016/05/16 xcolor patch

("C:\Users\nolla\AppData\Local\Programs\MiKTeX 2.9\tex/latex/oberdiek\hopatch.s
ty"
Package: hopatch 2016/05/16 v1.3 Wrapper for package hooks (HO)
)))
("C:\Users\nolla\AppData\Local\Programs\MiKTeX 2.9\tex/latex/oberdiek\letltxmac
ro.sty"
Package: letltxmacro 2016/05/16 v1.5 Let assignment for LaTeX macros (HO)
)
("C:\Users\nolla\AppData\Local\Programs\MiKTeX 2.9\tex/latex/oberdiek\auxhook.s
ty"
Package: auxhook 2016/05/16 v1.4 Hooks for auxiliary files (HO)
)
\@linkdim=\dimen131
\Hy@linkcounter=\count96
\Hy@pagecounter=\count97

("C:\Users\nolla\AppData\Local\Programs\MiKTeX 2.9\tex/latex/hyperref\pd1enc.de
f"
File: pd1enc.def 2019/11/10 v7.00c Hyperref: PDFDocEncoding definition (HO)
Now handling font encoding PD1 ...
... no UTF-8 mapping file for font encoding PD1
)
("C:\Users\nolla\AppData\Local\Programs\MiKTeX 2.9\tex/generic/oberdiek\intcalc
.sty"
Package: intcalc 2016/05/16 v1.2 Expandable calculations with integers (HO)
)
\Hy@SavedSpaceFactor=\count98

("C:\Users\nolla\AppData\Local\Programs\MiKTeX 2.9\tex/latex/00miktex\hyperref.
cfg"
File: hyperref.cfg 2002/06/06 v1.2 hyperref configuration of TeXLive
)
Package hyperref Info: Option `colorlinks' set `true' on input line 4409.
Package hyperref Info: Hyper figures OFF on input line 4535.
Package hyperref Info: Link nesting OFF on input line 4540.
Package hyperref Info: Hyper index ON on input line 4543.
Package hyperref Info: Plain pages OFF on input line 4550.
Package hyperref Info: Backreferencing OFF on input line 4555.
Package hyperref Info: Implicit mode ON; LaTeX internals redefined.
Package hyperref Info: Bookmarks ON on input line 4788.
\c@Hy@tempcnt=\count99
 ("C:\Users\nolla\AppData\Local\Programs\MiKTeX 2.9\tex/latex/url\url.sty"
\Urlmuskip=\muskip10
Package: url 2013/09/16  ver 3.4  Verb mode for urls, etc.
)
LaTeX Info: Redefining \url on input line 5147.
\XeTeXLinkMargin=\dimen132

("C:\Users\nolla\AppData\Local\Programs\MiKTeX 2.9\tex/generic/oberdiek\bitset.
sty"
Package: bitset 2016/05/16 v1.2 Handle bit-vector datatype (HO)

("C:\Users\nolla\AppData\Local\Programs\MiKTeX 2.9\tex/generic/oberdiek\bigintc
alc.sty"
Package: bigintcalc 2016/05/16 v1.4 Expandable calculations on big integers (HO
)
))
\Fld@menulength=\count100
\Field@Width=\dimen133
\Fld@charsize=\dimen134
Package hyperref Info: Hyper figures OFF on input line 6418.
Package hyperref Info: Link nesting OFF on input line 6423.
Package hyperref Info: Hyper index ON on input line 6426.
Package hyperref Info: backreferencing OFF on input line 6433.
Package hyperref Info: Link coloring ON on input line 6436.
Package hyperref Info: Link coloring with OCG OFF on input line 6443.
Package hyperref Info: PDF/A mode OFF on input line 6448.
LaTeX Info: Redefining \ref on input line 6488.
LaTeX Info: Redefining \pageref on input line 6492.

("C:\Users\nolla\AppData\Local\Programs\MiKTeX 2.9\tex/generic/oberdiek\atbegsh
i.sty"
Package: atbegshi 2016/06/09 v1.18 At begin shipout hook (HO)

("C:\Users\nolla\AppData\Local\Programs\MiKTeX 2.9\tex/generic/iftex\ifpdf.sty"
Package: ifpdf 2019/10/25 v3.4 ifpdf legacy package. Use iftex instead.
))
\Hy@abspage=\count101
\c@Item=\count102
\c@Hfootnote=\count103
)
Package hyperref Info: Driver (autodetected): hpdftex.

("C:\Users\nolla\AppData\Local\Programs\MiKTeX 2.9\tex/latex/hyperref\hpdftex.d
ef"
File: hpdftex.def 2019/11/10 v7.00c Hyperref driver for pdfTeX

("C:\Users\nolla\AppData\Local\Programs\MiKTeX 2.9\tex/latex/oberdiek\atveryend
.sty"
Package: atveryend 2016/05/16 v1.9 Hooks at the very end of document (HO)
)
\Fld@listcount=\count104
\c@bookmark@seq@number=\count105

("C:\Users\nolla\AppData\Local\Programs\MiKTeX 2.9\tex/latex/oberdiek\rerunfile
check.sty"
Package: rerunfilecheck 2016/05/16 v1.8 Rerun checks for auxiliary files (HO)

("C:\Users\nolla\AppData\Local\Programs\MiKTeX 2.9\tex/generic/oberdiek\uniquec
ounter.sty"
Package: uniquecounter 2016/05/16 v1.3 Provide unlimited unique counter (HO)
)
Package uniquecounter Info: New unique counter `rerunfilecheck' on input line 2
85.
)
\Hy@SectionHShift=\skip45
)
("C:\Users\nolla\AppData\Local\Programs\MiKTeX 2.9\tex/latex/listings\listings.
sty"
\lst@mode=\count106
\lst@gtempboxa=\box28
\lst@token=\toks17
\lst@length=\count107
\lst@currlwidth=\dimen135
\lst@column=\count108
\lst@pos=\count109
\lst@lostspace=\dimen136
\lst@width=\dimen137
\lst@newlines=\count110
\lst@lineno=\count111
\lst@maxwidth=\dimen138

("C:\Users\nolla\AppData\Local\Programs\MiKTeX 2.9\tex/latex/listings\lstmisc.s
ty"
File: lstmisc.sty 2019/09/10 1.8c (Carsten Heinz)
\c@lstnumber=\count112
\lst@skipnumbers=\count113
\lst@framebox=\box29
)
("C:\Users\nolla\AppData\Local\Programs\MiKTeX 2.9\tex/latex/listings\listings.
cfg"
File: listings.cfg 2019/09/10 1.8c listings configuration
))
Package: listings 2019/09/10 1.8c (Carsten Heinz)

("C:\Users\nolla\AppData\Local\Programs\MiKTeX 2.9\tex/latex/xcolor\xcolor.sty"
Package: xcolor 2016/05/11 v2.12 LaTeX color extensions (UK)

("C:\Users\nolla\AppData\Local\Programs\MiKTeX 2.9\tex/latex/graphics-cfg\color
.cfg"
File: color.cfg 2016/01/02 v1.6 sample color configuration
)
Package xcolor Info: Package option `usenames' ignored on input line 216.
Package xcolor Info: Driver file: pdftex.def on input line 225.
Package xcolor Info: Model `cmy' substituted by `cmy0' on input line 1348.
Package xcolor Info: Model `hsb' substituted by `rgb' on input line 1352.
Package xcolor Info: Model `RGB' extended on input line 1364.
Package xcolor Info: Model `HTML' substituted by `rgb' on input line 1366.
Package xcolor Info: Model `Hsb' substituted by `hsb' on input line 1367.
Package xcolor Info: Model `tHsb' substituted by `hsb' on input line 1368.
Package xcolor Info: Model `HSB' substituted by `hsb' on input line 1369.
Package xcolor Info: Model `Gray' substituted by `gray' on input line 1370.
Package xcolor Info: Model `wave' substituted by `hsb' on input line 1371.

("C:\Users\nolla\AppData\Local\Programs\MiKTeX 2.9\tex/latex/graphics\dvipsnam.
def"
File: dvipsnam.def 2016/06/17 v3.0m Driver-dependent file (DPC,SPQR)
)) (Lab11_Report_Alexander_Noll.aux

LaTeX Warning: Label `code:file_ex' multiply defined.


LaTeX Warning: Label `code:file_ex' multiply defined.


LaTeX Warning: Label `code:file_ex' multiply defined.

)
\openout1 = `Lab11_Report_Alexander_Noll.aux'.

LaTeX Font Info:    Checking defaults for OML/cmm/m/it on input line 61.
LaTeX Font Info:    ... okay on input line 61.
LaTeX Font Info:    Checking defaults for T1/cmr/m/n on input line 61.
LaTeX Font Info:    ... okay on input line 61.
LaTeX Font Info:    Checking defaults for OT1/cmr/m/n on input line 61.
LaTeX Font Info:    ... okay on input line 61.
LaTeX Font Info:    Checking defaults for OMS/cmsy/m/n on input line 61.
LaTeX Font Info:    ... okay on input line 61.
LaTeX Font Info:    Checking defaults for OMX/cmex/m/n on input line 61.
LaTeX Font Info:    ... okay on input line 61.
LaTeX Font Info:    Checking defaults for U/cmr/m/n on input line 61.
LaTeX Font Info:    ... okay on input line 61.
LaTeX Font Info:    Checking defaults for PD1/pdf/m/n on input line 61.
LaTeX Font Info:    ... okay on input line 61.

*geometry* driver: auto-detecting
*geometry* detected driver: pdftex
*geometry* verbose mode - [ preamble ] result:
* driver: pdftex
* paper: <default>
* layout: <same size as paper>
* layoutoffset:(h,v)=(0.0pt,0.0pt)
* modes: 
* h-part:(L,W,R)=(72.26999pt, 469.75502pt, 72.26999pt)
* v-part:(T,H,B)=(72.26999pt, 650.43001pt, 72.26999pt)
* \paperwidth=614.295pt
* \paperheight=794.96999pt
* \textwidth=469.75502pt
* \textheight=650.43001pt
* \oddsidemargin=0.0pt
* \evensidemargin=0.0pt
* \topmargin=-37.0pt
* \headheight=12.0pt
* \headsep=25.0pt
* \topskip=11.0pt
* \footskip=30.0pt
* \marginparwidth=59.0pt
* \marginparsep=10.0pt
* \columnsep=10.0pt
* \skip\footins=10.0pt plus 4.0pt minus 2.0pt
* \hoffset=0.0pt
* \voffset=0.0pt
* \mag=1000
* \@twocolumnfalse
* \@twosidefalse
* \@mparswitchfalse
* \@reversemarginfalse
* (1in=72.27pt=25.4mm, 1cm=28.453pt)


("C:\Users\nolla\AppData\Local\Programs\MiKTeX 2.9\tex/context/base/mkii\supp-p
df.mkii"
[Loading MPS to PDF converter (version 2006.09.02).]
\scratchcounter=\count114
\scratchdimen=\dimen139
\scratchbox=\box30
\nofMPsegments=\count115
\nofMParguments=\count116
\everyMPshowfont=\toks18
\MPscratchCnt=\count117
\MPscratchDim=\dimen140
\MPnumerator=\count118
\makeMPintoPDFobject=\count119
\everyMPtoPDFconversion=\toks19
)
("C:\Users\nolla\AppData\Local\Programs\MiKTeX 2.9\tex/latex/epstopdf-pkg\epsto
pdf-base.sty"
Package: epstopdf-base 2019/11/24 v2.7 Base part for package epstopdf

("C:\Users\nolla\AppData\Local\Programs\MiKTeX 2.9\tex/latex/oberdiek\grfext.st
y"
Package: grfext 2016/05/16 v1.2 Manage graphics extensions (HO)
)
Package epstopdf-base Info: Redefining graphics rule for `.eps' on input line 4
42.
Package grfext Info: Graphics extension search list:
(grfext)             [.pdf,.png,.jpg,.mps,.jpeg,.jbig2,.jb2,.PDF,.PNG,.JPG,.JPE
G,.JBIG2,.JB2,.eps]
(grfext)             \AppendGraphicsExtensions on input line 460.
)
\AtBeginShipoutBox=\box31
Package hyperref Info: Link coloring ON on input line 61.

("C:\Users\nolla\AppData\Local\Programs\MiKTeX 2.9\tex/latex/hyperref\nameref.s
ty"
Package: nameref 2019/09/16 v2.46 Cross-referencing by name of section

("C:\Users\nolla\AppData\Local\Programs\MiKTeX 2.9\tex/latex/oberdiek\refcount.
sty"
Package: refcount 2016/05/16 v3.5 Data extraction from label references (HO)
)
("C:\Users\nolla\AppData\Local\Programs\MiKTeX 2.9\tex/generic/oberdiek\gettitl
estring.sty"
Package: gettitlestring 2016/05/16 v1.5 Cleanup title references (HO)
)
\c@section@level=\count120
)
LaTeX Info: Redefining \ref on input line 61.
LaTeX Info: Redefining \pageref on input line 61.
LaTeX Info: Redefining \nameref on input line 61.
 (Lab11_Report_Alexander_Noll.out)
(Lab11_Report_Alexander_Noll.out)
\@outlinefile=\write3
\openout3 = `Lab11_Report_Alexander_Noll.out'.

\c@lstlisting=\count121
LaTeX Font Info:    External font `cmex10' loaded for size
(Font)              <12> on input line 67.
LaTeX Font Info:    External font `cmex10' loaded for size
(Font)              <8> on input line 67.
LaTeX Font Info:    External font `cmex10' loaded for size
(Font)              <6> on input line 67.
 [1

{C:/Users/nolla/AppData/Local/MiKTeX/2.9/pdftex/config/pdftex.map}]
LaTeX Font Info:    External font `cmex10' loaded for size
(Font)              <10.95> on input line 90.
<Fast1.jpg, id=23, 705.38531pt x 389.95688pt>
File: Fast1.jpg Graphic file (type jpg)
<use Fast1.jpg>
Package pdftex.def Info: Fast1.jpg  used on input line 104.
(pdftex.def)             Requested size: 469.75502pt x 259.69293pt.
<Fast2.jpg, id=25, 700.11563pt x 335.75438pt>
File: Fast2.jpg Graphic file (type jpg)
<use Fast2.jpg>
Package pdftex.def Info: Fast2.jpg  used on input line 108.
(pdftex.def)             Requested size: 469.75502pt x 225.28215pt.
<Fast3.jpg, id=27, 715.92468pt x 320.69812pt>
File: Fast3.jpg Graphic file (type jpg)
<use Fast3.jpg>
Package pdftex.def Info: Fast3.jpg  used on input line 112.
(pdftex.def)             Requested size: 469.75502pt x 210.42825pt.
<Fast4.jpg, id=29, 782.925pt x 477.28313pt>
File: Fast4.jpg Graphic file (type jpg)
<use Fast4.jpg>
Package pdftex.def Info: Fast4.jpg  used on input line 116.
(pdftex.def)             Requested size: 469.75502pt x 286.37207pt.
<Fast5.jpg, id=31, 663.22781pt x 339.51843pt>
File: Fast5.jpg Graphic file (type jpg)
<use Fast5.jpg>
Package pdftex.def Info: Fast5.jpg  used on input line 120.
(pdftex.def)             Requested size: 469.75502pt x 240.47435pt.
<Fast6.jpg, id=33, 712.91344pt x 317.68687pt>
File: Fast6.jpg Graphic file (type jpg)
<use Fast6.jpg>
Package pdftex.def Info: Fast6.jpg  used on input line 124.
(pdftex.def)             Requested size: 469.75502pt x 209.3298pt.
<Fast7.jpg, id=35, 733.23938pt x 372.64218pt>
File: Fast7.jpg Graphic file (type jpg)
<use Fast7.jpg>
Package pdftex.def Info: Fast7.jpg  used on input line 128.
(pdftex.def)             Requested size: 469.75502pt x 238.74036pt.
<Fast8.jpg, id=37, 696.35156pt x 313.9228pt>
File: Fast8.jpg Graphic file (type jpg)
<use Fast8.jpg>
Package pdftex.def Info: Fast8.jpg  used on input line 132.
(pdftex.def)             Requested size: 469.75502pt x 211.76898pt.
<Fast9.jpg, id=39, 696.35156pt x 360.59718pt>
File: Fast9.jpg Graphic file (type jpg)
<use Fast9.jpg>
Package pdftex.def Info: Fast9.jpg  used on input line 136.
(pdftex.def)             Requested size: 469.75502pt x 243.25504pt.
<Fast10.jpg, id=41, 687.31781pt x 287.57437pt>
File: Fast10.jpg Graphic file (type jpg)
<use Fast10.jpg>
Package pdftex.def Info: Fast10.jpg  used on input line 140.
(pdftex.def)             Requested size: 469.75502pt x 196.54407pt.
<Slow1.jpg, id=43, 811.53188pt x 274.77657pt>
File: Slow1.jpg Graphic file (type jpg)
<use Slow1.jpg>
Package pdftex.def Info: Slow1.jpg  used on input line 146.
(pdftex.def)             Requested size: 469.75502pt x 159.05605pt.
<Slow2.jpg, id=45, 755.07094pt x 388.45125pt>
File: Slow2.jpg Graphic file (type jpg)
<use Slow2.jpg>
Package pdftex.def Info: Slow2.jpg  used on input line 150.
(pdftex.def)             Requested size: 469.75502pt x 241.6671pt.
<Slow3.jpg, id=47, 743.02594pt x 316.93407pt>
File: Slow3.jpg Graphic file (type jpg)
<use Slow3.jpg>
Package pdftex.def Info: Slow3.jpg  used on input line 154.
(pdftex.def)             Requested size: 469.75502pt x 200.37556pt.
<Slow4.jpg, id=49, 846.91406pt x 341.02406pt>
File: Slow4.jpg Graphic file (type jpg)
<use Slow4.jpg>
Package pdftex.def Info: Slow4.jpg  used on input line 158.
(pdftex.def)             Requested size: 469.75502pt x 189.15091pt.
<Slow5.jpg, id=51, 849.1725pt x 365.86688pt>
File: Slow5.jpg Graphic file (type jpg)
<use Slow5.jpg>
Package pdftex.def Info: Slow5.jpg  used on input line 162.
(pdftex.def)             Requested size: 469.75502pt x 202.39418pt.
<Slow6.jpg, id=53, 827.34094pt x 344.78813pt>
File: Slow6.jpg Graphic file (type jpg)
<use Slow6.jpg>
Package pdftex.def Info: Slow6.jpg  used on input line 166.
(pdftex.def)             Requested size: 469.75502pt x 195.76842pt.
<Slow7.jpg, id=55, 848.4197pt x 383.18156pt>
File: Slow7.jpg Graphic file (type jpg)
<use Slow7.jpg>
Package pdftex.def Info: Slow7.jpg  used on input line 170.
(pdftex.def)             Requested size: 469.75502pt x 212.15959pt.
<Slow8.jpg, id=57, 852.18375pt x 324.46219pt>
File: Slow8.jpg Graphic file (type jpg)
<use Slow8.jpg>
Package pdftex.def Info: Slow8.jpg  used on input line 174.
(pdftex.def)             Requested size: 469.75502pt x 178.86072pt.
<Slow9.jpg, id=59, 849.1725pt x 334.24875pt>
File: Slow9.jpg Graphic file (type jpg)
<use Slow9.jpg>
Package pdftex.def Info: Slow9.jpg  used on input line 178.
(pdftex.def)             Requested size: 469.75502pt x 184.90332pt.
<Slow10.jpg, id=61, 846.91406pt x 359.09157pt>
File: Slow10.jpg Graphic file (type jpg)
<use Slow10.jpg>
Package pdftex.def Info: Slow10.jpg  used on input line 182.
(pdftex.def)             Requested size: 469.75502pt x 199.17215pt.
 [2

 <./Fast1.jpg>] [3 <./Fast2.jpg> <./Fast3.jpg>]
[4 <./Fast4.jpg> <./Fast5.jpg>] [5 <./Fast6.jpg> <./Fast7.jpg>] [6 <./Fast8.jpg
> <./Fast9.jpg>] [7 <./Fast10.jpg> <./Slow1.jpg>] [8 <./Slow2.jpg> <./Slow3.jpg
>] [9 <./Slow4.jpg> <./Slow5.jpg>] [10 <./Slow6.jpg> <./Slow7.jpg>] [11 <./Slow
8.jpg> <./Slow9.jpg>] [12 <./Slow10.jpg>]
<Debounce.png, id=150, 746.79pt x 130.98938pt>
File: Debounce.png Graphic file (type png)
<use Debounce.png>
Package pdftex.def Info: Debounce.png  used on input line 191.
(pdftex.def)             Requested size: 469.75502pt x 82.39581pt.
<FSM.png, id=153, 741.52031pt x 128.73094pt>
File: FSM.png Graphic file (type png)
<use FSM.png>
Package pdftex.def Info: FSM.png  used on input line 196.
(pdftex.def)             Requested size: 469.75502pt x 81.55269pt.
<GameTest.png, id=155, 941.01563pt x 218.31563pt>
File: GameTest.png Graphic file (type png)
<use GameTest.png>
Package pdftex.def Info: GameTest.png  used on input line 201.
(pdftex.def)             Requested size: 469.75502pt x 108.98431pt.
 [13

 <./Debounce.png> <./FSM.png> <./GameTest.png>]
("C:\Users\nolla\AppData\Local\Programs\MiKTeX 2.9\tex/latex/listings\lstlang1.
sty"
File: lstlang1.sty 2019/09/10 1.8c listings language file
)
("C:\Users\nolla\AppData\Local\Programs\MiKTeX 2.9\tex/latex/listings\lstlang2.
sty"
File: lstlang2.sty 2019/09/10 1.8c listings language file
)
("C:\Users\nolla\AppData\Local\Programs\MiKTeX 2.9\tex/latex/listings\lstlang3.
sty"
File: lstlang3.sty 2019/09/10 1.8c listings language file
)
Package hyperref Info: bookmark level for unknown lstlisting defaults to 0 on i
nput line 210.
 (guessing_game.sv
LaTeX Font Info:    Font shape `OT1/cmtt/bx/n' in size <10> not available
(Font)              Font shape `OT1/cmtt/m/n' tried instead on input line 23.
 [14

]) (Game_Test.sv [15]) (guess_FSM.sv [16] [17])
(guess_Test.sv [18])
Package atveryend Info: Empty hook `BeforeClearDocument' on input line 225.
 [19]
Package atveryend Info: Empty hook `AfterLastShipout' on input line 225.
 (Lab11_Report_Alexander_Noll.aux)
Package atveryend Info: Executing hook `AtVeryEndDocument' on input line 225.
Package atveryend Info: Executing hook `AtEndAfterFileList' on input line 225.
Package rerunfilecheck Info: File `Lab11_Report_Alexander_Noll.out' has not cha
nged.
(rerunfilecheck)             Checksum: BB7BA0754EF552F01400714F86760F09;100.


LaTeX Warning: There were multiply-defined labels.

 ) 
Here is how much of TeX's memory you used:
 9167 strings out of 492484
 133247 string characters out of 3121602
 532141 words of memory out of 3000000
 13076 multiletter control sequences out of 15000+200000
 9017 words of font info for 32 fonts, out of 3000000 for 9000
 1141 hyphenation exceptions out of 8191
 47i,8n,51p,1218b,2183s stack positions out of 5000i,500n,10000p,200000b,50000s
<C:/Users/nolla/AppData/Local/Programs/MiKTeX 2.9/fonts/type1/public/amsfonts
/cm/cmbx12.pfb><C:/Users/nolla/AppData/Local/Programs/MiKTeX 2.9/fonts/type1/pu
blic/amsfonts/cm/cmr10.pfb><C:/Users/nolla/AppData/Local/Programs/MiKTeX 2.9/fo
nts/type1/public/amsfonts/cm/cmr12.pfb><C:/Users/nolla/AppData/Local/Programs/M
iKTeX 2.9/fonts/type1/public/amsfonts/cm/cmr17.pfb><C:/Users/nolla/AppData/Loca
l/Programs/MiKTeX 2.9/fonts/type1/public/amsfonts/cm/cmti10.pfb><C:/Users/nolla
/AppData/Local/Programs/MiKTeX 2.9/fonts/type1/public/amsfonts/cm/cmtt10.pfb>
Output written on Lab11_Report_Alexander_Noll.pdf (19 pages, 3145423 bytes).
PDF statistics:
 537 PDF objects out of 1000 (max. 8388607)
 304 named destinations out of 1000 (max. 500000)
 270 words of extra memory for PDF output out of 10000 (max. 10000000)

